<?xml version="1.0" encoding="UTF-8"?>
<!-- Generated by org.testng.reporters.JUnitXMLReporter -->
<testsuite hostname="Rene-P1" ignored="0" name="Filter user name and email using Equals" tests="5" failures="0" timestamp="01 Jul 2020 16:13:12 GMT" time="44.028" errors="0">
  <testcase name="filter_User_By_Name_Email_Equals" time="0.917" classname="com.selenium.solution.tests.UserFiltersTest"/>
  <testcase name="filter_User_By_Name_Email_Contains" time="1.006" classname="com.selenium.solution.tests.UserFiltersTest"/>
  <testcase name="filter_User_By_Name_Email_StartsWith" time="1.063" classname="com.selenium.solution.tests.UserFiltersTest"/>
  <testcase name="filter_User_By_Name_Email_EndsWith" time="0.916" classname="com.selenium.solution.tests.UserFiltersTest"/>
  <testcase name="filter_User_By_Date_From_To" time="1.645" classname="com.selenium.solution.tests.UserFiltersTest"/>
</testsuite> <!-- Filter user name and email using Equals -->
