<?xml version="1.0" encoding="UTF-8"?>
<!-- Generated by org.testng.reporters.JUnitXMLReporter -->
<testsuite hostname="Rene-P1" ignored="0" name="Comments Put Request" tests="2" failures="0" timestamp="01 Jul 2020 16:13:21 GMT" time="1.363" errors="0">
  <testcase name="httpPutCall" time="1.061" classname="com.restAssured.solution.comments.PutRequest"/>
  <testcase name="validatePutWithGetRequest" time="0.301" classname="com.restAssured.solution.comments.PutRequest"/>
</testsuite> <!-- Comments Put Request -->
