<?xml version="1.0" encoding="UTF-8"?>
<!-- Generated by org.testng.reporters.JUnitXMLReporter -->
<testsuite hostname="Rene-P1" ignored="0" name="Comments Post Request" tests="2" failures="0" timestamp="01 Jul 2020 16:13:20 GMT" time="1.312" errors="0">
  <testcase name="httpPostCall" time="0.949" classname="com.restAssured.solution.comments.PostRequest"/>
  <testcase name="validatePostWithGetRequest" time="0.362" classname="com.restAssured.solution.comments.PostRequest"/>
</testsuite> <!-- Comments Post Request -->
