<?xml version="1.0" encoding="UTF-8"?>
<!-- Generated by org.testng.reporters.JUnitXMLReporter -->
<testsuite hostname="Rene-P1" ignored="0" name="Posts Put Request" tests="2" failures="0" timestamp="01 Jul 2020 16:13:18 GMT" time="1.031" errors="0">
  <testcase name="httpPutCall" time="0.677" classname="com.restAssured.solution.users.PutRequest"/>
  <testcase name="validatePutWithGetRequest" time="0.352" classname="com.restAssured.solution.users.PutRequest"/>
</testsuite> <!-- Posts Put Request -->
