<?xml version="1.0" encoding="UTF-8"?>
<!-- Generated by org.testng.reporters.JUnitXMLReporter -->
<testsuite hostname="Rene-P1" ignored="0" name="Posts Post Request" tests="2" failures="0" timestamp="01 Jul 2020 16:13:17 GMT" time="1.342" errors="0">
  <testcase name="httpPostCall" time="1.069" classname="com.restAssured.solution.posts.PostsRequest"/>
  <testcase name="validatePostWithGetRequest" time="0.271" classname="com.restAssured.solution.posts.PostsRequest"/>
</testsuite> <!-- Posts Post Request -->
