<?xml version="1.0" encoding="UTF-8"?>
<!-- Generated by org.testng.reporters.JUnitXMLReporter -->
<testsuite hostname="Rene-P1" ignored="0" name="Users Post Request" tests="2" failures="0" timestamp="01 Jul 2020 16:13:15 GMT" time="2.619" errors="0">
  <testcase name="httpPostRequest" time="2.242" classname="com.restAssured.solution.users.PostRequest"/>
  <testcase name="validatePostWithGetRequest" time="0.376" classname="com.restAssured.solution.users.PostRequest"/>
</testsuite> <!-- Users Post Request -->
