<?xml version="1.0" encoding="UTF-8"?>
<testsuite xmlns:xsi="http://www.w3.org/2001/XMLSchema-instance" xsi:noNamespaceSchemaLocation="https://maven.apache.org/surefire/maven-surefire-plugin/xsd/surefire-test-report-3.0.xsd" version="3.0" name="TestSuite" time="93.442" tests="20" errors="0" skipped="0" failures="0">
  <properties>
[...]
</properties>
  <testcase name="createNewUser" classname="com.selenium.solution.tests.CreateNewUserTest" time="1.943"/>
  <testcase name="createsAndDeleteUsers" classname="com.selenium.solution.tests.CreateNewUserTest" time="5.814"/>
  <testcase name="createUserErrorValidation" classname="com.selenium.solution.tests.CreateNewUserTest" time="6.496"/>
  <testcase name="filter_User_By_Name_Email_Equals" classname="com.selenium.solution.tests.UserFiltersTest" time="0.916"/>
  <testcase name="filter_User_By_Name_Email_Contains" classname="com.selenium.solution.tests.UserFiltersTest" time="1.006"/>
  <testcase name="filter_User_By_Name_Email_StartsWith" classname="com.selenium.solution.tests.UserFiltersTest" time="1.062"/>
  <testcase name="filter_User_By_Name_Email_EndsWith" classname="com.selenium.solution.tests.UserFiltersTest" time="0.915"/>
  <testcase name="filter_User_By_Date_From_To" classname="com.selenium.solution.tests.UserFiltersTest" time="1.646"/>
  <testcase name="httpPostRequest" classname="com.restAssured.solution.users.PostRequest" time="2.242"/>
  <testcase name="validatePostWithGetRequest" classname="com.restAssured.solution.users.PostRequest" time="0.375"/>
  <testcase name="httpPutCall" classname="com.restAssured.solution.users.PutRequest" time="0.673"/>
  <testcase name="httpPutCall" classname="com.restAssured.solution.users.PutRequest" time="0.677"/>
  <testcase name="validatePutWithGetRequest" classname="com.restAssured.solution.users.PutRequest" time="0.408"/>
  <testcase name="validatePutWithGetRequest" classname="com.restAssured.solution.users.PutRequest" time="0.354"/>
  <testcase name="httpPostCall" classname="com.restAssured.solution.posts.PostsRequest" time="1.07"/>
  <testcase name="validatePostWithGetRequest" classname="com.restAssured.solution.posts.PostsRequest" time="0.271"/>
  <testcase name="httpPostCall" classname="com.restAssured.solution.comments.PostRequest" time="0.949"/>
  <testcase name="validatePostWithGetRequest" classname="com.restAssured.solution.comments.PostRequest" time="0.363"/>
  <testcase name="httpPutCall" classname="com.restAssured.solution.comments.PutRequest" time="1.061"/>
  <testcase name="validatePutWithGetRequest" classname="com.restAssured.solution.comments.PutRequest" time="0.301"/>
</testsuite>