<?xml version="1.0" encoding="UTF-8"?>
<!-- Generated by org.testng.reporters.JUnitXMLReporter -->
<testsuite hostname="Rene-P1" ignored="0" name="Create and update new user" tests="3" failures="0" timestamp="01 Jul 2020 16:12:28 GMT" time="39.198" errors="0">
  <testcase name="createNewUser" time="1.943" classname="com.selenium.solution.tests.CreateNewUserTest"/>
  <testcase name="createsAndDeleteUsers" time="5.814" classname="com.selenium.solution.tests.CreateNewUserTest"/>
  <testcase name="createUserErrorValidation" time="6.497" classname="com.selenium.solution.tests.CreateNewUserTest"/>
</testsuite> <!-- Create and update new user -->
